# Server version 0.08 running on 142.157.2.204:8123
# Game ID: 304
# Board class: bohnenspiel.BohnenspielBoard
# Timeout: 700
# First Move Timeout: 30000
# Date: Mon Apr 10 16:38:07 EDT 2017
# Player 1: Player-0, '260674699', running on localhost
# Player 2: Player-1, '260674699_5', running on localhost
START Player-0 260674699
START Player-1 260674699_5
PIT 0 0
PIT 1 3
PIT 0 5
PIT 1 1
PIT 1 5
PIT 1 4
PIT 0 4
PIT 1 1
PIT 0 5
PIT 1 0
PIT 0 0
PIT 1 2
PIT 0 4
PIT 1 0
PIT 0 0
PIT 0 3
PIT 1 0
PIT 0 0
PIT 1 4
PIT 0 2
PIT 1 2
PIT 0 3
PIT 1 0
PIT 0 2
PIT 1 5
PIT 0 0
PIT 1 0
PIT 0 3
PIT 1 0
PIT 0 2
PIT 0 3
PIT 1 3
PIT 0 0
PIT 1 4
PIT 0 1
GAMEOVER WINNER 0         Player-0 score: 48  Player-1 score: 24
# Game ended: Mon Apr 10 16:38:18 EDT 2017
