# Server version 0.08 running on 142.157.2.37:8123
# Game ID: 70
# Board class: bohnenspiel.BohnenspielBoard
# Timeout: 700
# First Move Timeout: 3000000
# Date: Fri Apr 07 16:43:22 EDT 2017
# Player 1: Player-0, '260674699', running on 142.157.2.37
# Player 2: Player-1, 'GreedyPlayer', running on 142.157.2.37
START Player-0 260674699
START Player-1 GreedyPlayer
PIT 0 0
PIT 1 0
PIT 0 5
PIT 1 4
PIT 0 4
PIT 1 3
PIT 0 4
PIT 1 4
PIT 1 1
PIT 0 2
PIT 1 2
PIT 0 3
PIT 1 0
PIT 0 2
PIT 1 5
PIT 0 4
PIT 1 0
PIT 0 0
PIT 1 1
PIT 0 2
PIT 1 2
PIT 1 4
PIT 0 1
PIT 1 0
PIT 0 0
PIT 1 2
PIT 0 3
PIT 1 4
PIT 0 2
PIT 0 3
GAMEOVER WINNER 0         Player-0 score: 38  Player-1 score: 34
# Game ended: Fri Apr 07 16:43:24 EDT 2017
