# Server version 0.08 running on 192.168.1.4:8123
# Game ID: 171
# Board class: bohnenspiel.BohnenspielBoard
# Timeout: 700
# First Move Timeout: 60000
# Date: Sun Apr 09 21:58:29 EDT 2017
# Player 1: Player-0, '260674699', running on 192.168.1.4
# Player 2: Player-1, '260674699', running on 192.168.1.4
START Player-0 260674699
START Player-1 260674699
PIT 0 0
PIT 1 3
PIT 0 2
PIT 1 2
PIT 0 0
PIT 1 1
PIT 0 0
PIT 1 2
PIT 1 4
PIT 0 0
PIT 1 1
PIT 0 1
PIT 1 1
PIT 0 1
PIT 1 5
PIT 0 2
PIT 1 0
PIT 0 0
PIT 1 3
PIT 0 1
PIT 1 0
PIT 0 2
PIT 1 2
PIT 1 3
PIT 0 4
GAMEOVER TIMEOUT WINNER 0         Player-0 score: 10  Player-1 score: 16
# Game ended: Sun Apr 09 21:58:41 EDT 2017
