# Server version 0.08 running on 192.168.1.4:8123
# Game ID: 157
# Board class: bohnenspiel.BohnenspielBoard
# Timeout: 700
# First Move Timeout: 3000000
# Date: Sat Apr 08 16:04:33 EDT 2017
# Player 1: Player-0, '260674699', running on 192.168.1.4
# Player 2: Player-1, 'GreedyPlayer', running on 192.168.1.4
START Player-0 260674699
START Player-1 GreedyPlayer
PIT 0 0
PIT 1 0
PIT 0 1
PIT 1 5
PIT 1 1
PIT 0 2
PIT 1 3
PIT 0 0
PIT 1 2
PIT 0 0
PIT 1 4
PIT 0 5
PIT 1 2
PIT 0 1
PIT 1 1
PIT 0 0
PIT 1 2
PIT 1 5
PIT 0 0
PIT 0 1
PIT 0 2
GAMEOVER WINNER 0         Player-0 score: 58  Player-1 score: 14
# Game ended: Sat Apr 08 16:04:33 EDT 2017
