# Server version 0.08 running on 192.168.1.4:8123
# Game ID: 162
# Board class: bohnenspiel.BohnenspielBoard
# Timeout: 700
# First Move Timeout: 3000000
# Date: Sat Apr 08 16:09:51 EDT 2017
# Player 1: Player-0, 'GreedyPlayer', running on 192.168.1.4
# Player 2: Player-1, '260674699', running on 192.168.1.4
START Player-0 GreedyPlayer
START Player-1 260674699
PIT 0 0
PIT 1 0
PIT 0 5
PIT 0 1
PIT 1 0
PIT 0 2
PIT 0 3
PIT 1 0
PIT 0 0
PIT 1 1
PIT 0 1
PIT 1 5
PIT 0 0
PIT 1 1
PIT 0 3
PIT 1 0
PIT 0 4
PIT 1 3
PIT 0 0
PIT 1 5
PIT 0 0
PIT 1 2
PIT 0 3
PIT 1 1
PIT 0 1
PIT 1 5
PIT 0 5
PIT 1 5
PIT 0 1
PIT 1 0
PIT 0 2
PIT 1 2
PIT 0 3
PIT 1 1
PIT 0 4
PIT 1 0
PIT 0 5
PIT 1 0
PIT 1 1
PIT 1 4
GAMEOVER WINNER 1         Player-0 score: 18  Player-1 score: 54
# Game ended: Sat Apr 08 16:09:52 EDT 2017
