# Server version 0.08 running on 192.168.1.4:8123
# Game ID: 163
# Board class: bohnenspiel.BohnenspielBoard
# Timeout: 700
# First Move Timeout: 3000000
# Date: Sat Apr 08 16:20:28 EDT 2017
# Player 1: Player-0, 'GreedyPlayer', running on 192.168.1.4
# Player 2: Player-1, '260674699', running on 192.168.1.4
START Player-0 GreedyPlayer
START Player-1 260674699
PIT 0 0
PIT 1 2
PIT 0 5
PIT 1 0
PIT 0 0
PIT 0 1
PIT 1 4
PIT 0 2
PIT 1 1
PIT 0 3
PIT 1 1
PIT 0 5
GAMEOVER TIMEOUT WINNER 0         Player-0 score: 14  Player-1 score: 16
# Game ended: Sat Apr 08 16:21:10 EDT 2017
