# Server version 0.08 running on 142.157.2.204:8123
# Game ID: 285
# Board class: bohnenspiel.BohnenspielBoard
# Timeout: 700
# First Move Timeout: 30000
# Date: Mon Apr 10 16:29:00 EDT 2017
# Player 1: Player-0, '260674699', running on localhost
# Player 2: Player-1, '260674699_8', running on localhost
START Player-0 260674699
START Player-1 260674699_8
PIT 0 0
PIT 1 3
PIT 0 5
PIT 1 0
PIT 0 0
PIT 0 2
PIT 1 5
PIT 0 5
PIT 1 2
PIT 0 0
PIT 1 4
PIT 0 2
PIT 1 2
PIT 1 3
PIT 1 4
PIT 0 1
PIT 1 2
PIT 0 0
PIT 1 0
PIT 0 2
PIT 1 1
PIT 0 5
PIT 1 0
PIT 0 1
PIT 1 3
PIT 0 4
PIT 1 0
PIT 0 2
PIT 1 3
PIT 0 5
PIT 1 1
PIT 0 4
PIT 1 4
PIT 0 0
PIT 1 3
PIT 0 2
PIT 1 2
PIT 0 4
PIT 1 4
PIT 0 1
PIT 1 3
PIT 0 3
PIT 1 3
PIT 0 0
PIT 1 1
PIT 0 3
PIT 1 2
PIT 0 1
PIT 1 4
PIT 0 1
PIT 1 5
PIT 0 2
PIT 1 3
PIT 0 5
PIT 1 1
PIT 0 4
PIT 1 0
PIT 0 3
PIT 1 1
PIT 0 4
PIT 1 2
GAMEOVER WINNER 1         Player-0 score: 28  Player-1 score: 44
# Game ended: Mon Apr 10 16:29:12 EDT 2017
