# Server version 0.08 running on 192.168.1.4:8123
# Game ID: 178
# Board class: bohnenspiel.BohnenspielBoard
# Timeout: 5000
# First Move Timeout: 60000
# Date: Sun Apr 09 22:13:11 EDT 2017
# Player 1: Player-0, '260674699', running on localhost
# Player 2: Player-1, '260674699', running on localhost
START Player-0 260674699
START Player-1 260674699
PIT 0 0
PIT 1 3
PIT 0 2
PIT 1 2
PIT 0 0
PIT 1 1
PIT 0 5
PIT 0 2
PIT 1 2
PIT 0 3
PIT 1 4
PIT 0 0
PIT 1 1
PIT 0 1
PIT 1 2
PIT 0 2
PIT 1 4
PIT 1 3
PIT 0 0
PIT 1 0
PIT 0 0
PIT 1 5
PIT 0 0
PIT 1 3
PIT 1 0
PIT 0 4
PIT 1 1
PIT 0 0
PIT 1 0
PIT 0 2
PIT 1 1
PIT 0 3
PIT 1 4
PIT 0 2
PIT 1 0
PIT 0 4
PIT 1 3
PIT 0 3
PIT 0 1
PIT 1 5
PIT 0 5
PIT 1 2
PIT 0 1
PIT 1 1
PIT 0 3
PIT 1 2
PIT 0 2
PIT 1 3
PIT 0 3
PIT 1 4
PIT 0 5
PIT 1 0
GAMEOVER WINNER 1         Player-0 score: 28  Player-1 score: 44
# Game ended: Sun Apr 09 22:13:26 EDT 2017
